The system is: Linux - 4.4.0-62-generic - x86_64
Compiling the C compiler identification source file "CMakeCCompilerId.c" succeeded.
Compiler: /usr/bin/cc 
Build flags: 
Id flags: 

The output was:
0


Compilation of the C compiler identification source "CMakeCCompilerId.c" produced "a.out"

The C compiler identification is GNU, found in "/home/srq/Installations/tesseract/cmake-build-debug/CMakeFiles/3.7.1/CompilerIdC/a.out"

Compiling the CXX compiler identification source file "CMakeCXXCompilerId.cpp" succeeded.
Compiler: /usr/bin/c++ 
Build flags: 
Id flags: 

The output was:
0


Compilation of the CXX compiler identification source "CMakeCXXCompilerId.cpp" produced "a.out"

The CXX compiler identification is GNU, found in "/home/srq/Installations/tesseract/cmake-build-debug/CMakeFiles/3.7.1/CompilerIdCXX/a.out"

Determining if the C compiler works passed with the following output:
Change Dir: /home/srq/Installations/tesseract/cmake-build-debug/CMakeFiles/CMakeTmp

Run Build Command:"/usr/bin/make" "cmTC_b017a/fast"
/usr/bin/make -f CMakeFiles/cmTC_b017a.dir/build.make CMakeFiles/cmTC_b017a.dir/build
make[1]: Entering directory '/home/srq/Installations/tesseract/cmake-build-debug/CMakeFiles/CMakeTmp'
Building C object CMakeFiles/cmTC_b017a.dir/testCCompiler.c.o
/usr/bin/cc     -o CMakeFiles/cmTC_b017a.dir/testCCompiler.c.o   -c /home/srq/Installations/tesseract/cmake-build-debug/CMakeFiles/CMakeTmp/testCCompiler.c
Linking C executable cmTC_b017a
/home/srq/Installations/clion-2016.3.2/bin/cmake/bin/cmake -E cmake_link_script CMakeFiles/cmTC_b017a.dir/link.txt --verbose=1
/usr/bin/cc       CMakeFiles/cmTC_b017a.dir/testCCompiler.c.o  -o cmTC_b017a -rdynamic 
make[1]: Leaving directory '/home/srq/Installations/tesseract/cmake-build-debug/CMakeFiles/CMakeTmp'


Detecting C compiler ABI info compiled with the following output:
Change Dir: /home/srq/Installations/tesseract/cmake-build-debug/CMakeFiles/CMakeTmp

Run Build Command:"/usr/bin/make" "cmTC_63145/fast"
/usr/bin/make -f CMakeFiles/cmTC_63145.dir/build.make CMakeFiles/cmTC_63145.dir/build
make[1]: Entering directory '/home/srq/Installations/tesseract/cmake-build-debug/CMakeFiles/CMakeTmp'
Building C object CMakeFiles/cmTC_63145.dir/CMakeCCompilerABI.c.o
/usr/bin/cc     -o CMakeFiles/cmTC_63145.dir/CMakeCCompilerABI.c.o   -c /home/srq/Installations/clion-2016.3.2/bin/cmake/share/cmake-3.7/Modules/CMakeCCompilerABI.c
Linking C executable cmTC_63145
/home/srq/Installations/clion-2016.3.2/bin/cmake/bin/cmake -E cmake_link_script CMakeFiles/cmTC_63145.dir/link.txt --verbose=1
/usr/bin/cc      -v CMakeFiles/cmTC_63145.dir/CMakeCCompilerABI.c.o  -o cmTC_63145 -rdynamic  
Using built-in specs.
COLLECT_GCC=/usr/bin/cc
COLLECT_LTO_WRAPPER=/usr/lib/gcc/x86_64-linux-gnu/5/lto-wrapper
Target: x86_64-linux-gnu
Configured with: ../src/configure -v --with-pkgversion='Ubuntu 5.4.0-6ubuntu1~16.04.4' --with-bugurl=file:///usr/share/doc/gcc-5/README.Bugs --enable-languages=c,ada,c++,java,go,d,fortran,objc,obj-c++ --prefix=/usr --program-suffix=-5 --enable-shared --enable-linker-build-id --libexecdir=/usr/lib --without-included-gettext --enable-threads=posix --libdir=/usr/lib --enable-nls --with-sysroot=/ --enable-clocale=gnu --enable-libstdcxx-debug --enable-libstdcxx-time=yes --with-default-libstdcxx-abi=new --enable-gnu-unique-object --disable-vtable-verify --enable-libmpx --enable-plugin --with-system-zlib --disable-browser-plugin --enable-java-awt=gtk --enable-gtk-cairo --with-java-home=/usr/lib/jvm/java-1.5.0-gcj-5-amd64/jre --enable-java-home --with-jvm-root-dir=/usr/lib/jvm/java-1.5.0-gcj-5-amd64 --with-jvm-jar-dir=/usr/lib/jvm-exports/java-1.5.0-gcj-5-amd64 --with-arch-directory=amd64 --with-ecj-jar=/usr/share/java/eclipse-ecj.jar --enable-objc-gc --enable-multiarch --disable-werror --with-arch-32=i686 --with-abi=m64 --with-multilib-list=m32,m64,mx32 --enable-multilib --with-tune=generic --enable-checking=release --build=x86_64-linux-gnu --host=x86_64-linux-gnu --target=x86_64-linux-gnu
Thread model: posix
gcc version 5.4.0 20160609 (Ubuntu 5.4.0-6ubuntu1~16.04.4) 
COMPILER_PATH=/usr/lib/gcc/x86_64-linux-gnu/5/:/usr/lib/gcc/x86_64-linux-gnu/5/:/usr/lib/gcc/x86_64-linux-gnu/:/usr/lib/gcc/x86_64-linux-gnu/5/:/usr/lib/gcc/x86_64-linux-gnu/
LIBRARY_PATH=/usr/lib/gcc/x86_64-linux-gnu/5/:/usr/lib/gcc/x86_64-linux-gnu/5/../../../x86_64-linux-gnu/:/usr/lib/gcc/x86_64-linux-gnu/5/../../../../lib/:/lib/x86_64-linux-gnu/:/lib/../lib/:/usr/lib/x86_64-linux-gnu/:/usr/lib/../lib/:/usr/lib/gcc/x86_64-linux-gnu/5/../../../:/lib/:/usr/lib/
COLLECT_GCC_OPTIONS='-v' '-o' 'cmTC_63145' '-rdynamic' '-mtune=generic' '-march=x86-64'
 /usr/lib/gcc/x86_64-linux-gnu/5/collect2 -plugin /usr/lib/gcc/x86_64-linux-gnu/5/liblto_plugin.so -plugin-opt=/usr/lib/gcc/x86_64-linux-gnu/5/lto-wrapper -plugin-opt=-fresolution=/tmp/cc29DBcW.res -plugin-opt=-pass-through=-lgcc -plugin-opt=-pass-through=-lgcc_s -plugin-opt=-pass-through=-lc -plugin-opt=-pass-through=-lgcc -plugin-opt=-pass-through=-lgcc_s --sysroot=/ --build-id --eh-frame-hdr -m elf_x86_64 --hash-style=gnu --as-needed -export-dynamic -dynamic-linker /lib64/ld-linux-x86-64.so.2 -z relro -o cmTC_63145 /usr/lib/gcc/x86_64-linux-gnu/5/../../../x86_64-linux-gnu/crt1.o /usr/lib/gcc/x86_64-linux-gnu/5/../../../x86_64-linux-gnu/crti.o /usr/lib/gcc/x86_64-linux-gnu/5/crtbegin.o -L/usr/lib/gcc/x86_64-linux-gnu/5 -L/usr/lib/gcc/x86_64-linux-gnu/5/../../../x86_64-linux-gnu -L/usr/lib/gcc/x86_64-linux-gnu/5/../../../../lib -L/lib/x86_64-linux-gnu -L/lib/../lib -L/usr/lib/x86_64-linux-gnu -L/usr/lib/../lib -L/usr/lib/gcc/x86_64-linux-gnu/5/../../.. CMakeFiles/cmTC_63145.dir/CMakeCCompilerABI.c.o -lgcc --as-needed -lgcc_s --no-as-needed -lc -lgcc --as-needed -lgcc_s --no-as-needed /usr/lib/gcc/x86_64-linux-gnu/5/crtend.o /usr/lib/gcc/x86_64-linux-gnu/5/../../../x86_64-linux-gnu/crtn.o
make[1]: Leaving directory '/home/srq/Installations/tesseract/cmake-build-debug/CMakeFiles/CMakeTmp'


Parsed C implicit link information from above output:
  link line regex: [^( *|.*[/\])(ld|([^/\]+-)?ld|collect2)[^/\]*( |$)]
  ignore line: [Change Dir: /home/srq/Installations/tesseract/cmake-build-debug/CMakeFiles/CMakeTmp]
  ignore line: []
  ignore line: [Run Build Command:"/usr/bin/make" "cmTC_63145/fast"]
  ignore line: [/usr/bin/make -f CMakeFiles/cmTC_63145.dir/build.make CMakeFiles/cmTC_63145.dir/build]
  ignore line: [make[1]: Entering directory '/home/srq/Installations/tesseract/cmake-build-debug/CMakeFiles/CMakeTmp']
  ignore line: [Building C object CMakeFiles/cmTC_63145.dir/CMakeCCompilerABI.c.o]
  ignore line: [/usr/bin/cc     -o CMakeFiles/cmTC_63145.dir/CMakeCCompilerABI.c.o   -c /home/srq/Installations/clion-2016.3.2/bin/cmake/share/cmake-3.7/Modules/CMakeCCompilerABI.c]
  ignore line: [Linking C executable cmTC_63145]
  ignore line: [/home/srq/Installations/clion-2016.3.2/bin/cmake/bin/cmake -E cmake_link_script CMakeFiles/cmTC_63145.dir/link.txt --verbose=1]
  ignore line: [/usr/bin/cc      -v CMakeFiles/cmTC_63145.dir/CMakeCCompilerABI.c.o  -o cmTC_63145 -rdynamic  ]
  ignore line: [Using built-in specs.]
  ignore line: [COLLECT_GCC=/usr/bin/cc]
  ignore line: [COLLECT_LTO_WRAPPER=/usr/lib/gcc/x86_64-linux-gnu/5/lto-wrapper]
  ignore line: [Target: x86_64-linux-gnu]
  ignore line: [Configured with: ../src/configure -v --with-pkgversion='Ubuntu 5.4.0-6ubuntu1~16.04.4' --with-bugurl=file:///usr/share/doc/gcc-5/README.Bugs --enable-languages=c,ada,c++,java,go,d,fortran,objc,obj-c++ --prefix=/usr --program-suffix=-5 --enable-shared --enable-linker-build-id --libexecdir=/usr/lib --without-included-gettext --enable-threads=posix --libdir=/usr/lib --enable-nls --with-sysroot=/ --enable-clocale=gnu --enable-libstdcxx-debug --enable-libstdcxx-time=yes --with-default-libstdcxx-abi=new --enable-gnu-unique-object --disable-vtable-verify --enable-libmpx --enable-plugin --with-system-zlib --disable-browser-plugin --enable-java-awt=gtk --enable-gtk-cairo --with-java-home=/usr/lib/jvm/java-1.5.0-gcj-5-amd64/jre --enable-java-home --with-jvm-root-dir=/usr/lib/jvm/java-1.5.0-gcj-5-amd64 --with-jvm-jar-dir=/usr/lib/jvm-exports/java-1.5.0-gcj-5-amd64 --with-arch-directory=amd64 --with-ecj-jar=/usr/share/java/eclipse-ecj.jar --enable-objc-gc --enable-multiarch --disable-werror --with-arch-32=i686 --with-abi=m64 --with-multilib-list=m32,m64,mx32 --enable-multilib --with-tune=generic --enable-checking=release --build=x86_64-linux-gnu --host=x86_64-linux-gnu --target=x86_64-linux-gnu]
  ignore line: [Thread model: posix]
  ignore line: [gcc version 5.4.0 20160609 (Ubuntu 5.4.0-6ubuntu1~16.04.4) ]
  ignore line: [COMPILER_PATH=/usr/lib/gcc/x86_64-linux-gnu/5/:/usr/lib/gcc/x86_64-linux-gnu/5/:/usr/lib/gcc/x86_64-linux-gnu/:/usr/lib/gcc/x86_64-linux-gnu/5/:/usr/lib/gcc/x86_64-linux-gnu/]
  ignore line: [LIBRARY_PATH=/usr/lib/gcc/x86_64-linux-gnu/5/:/usr/lib/gcc/x86_64-linux-gnu/5/../../../x86_64-linux-gnu/:/usr/lib/gcc/x86_64-linux-gnu/5/../../../../lib/:/lib/x86_64-linux-gnu/:/lib/../lib/:/usr/lib/x86_64-linux-gnu/:/usr/lib/../lib/:/usr/lib/gcc/x86_64-linux-gnu/5/../../../:/lib/:/usr/lib/]
  ignore line: [COLLECT_GCC_OPTIONS='-v' '-o' 'cmTC_63145' '-rdynamic' '-mtune=generic' '-march=x86-64']
  link line: [ /usr/lib/gcc/x86_64-linux-gnu/5/collect2 -plugin /usr/lib/gcc/x86_64-linux-gnu/5/liblto_plugin.so -plugin-opt=/usr/lib/gcc/x86_64-linux-gnu/5/lto-wrapper -plugin-opt=-fresolution=/tmp/cc29DBcW.res -plugin-opt=-pass-through=-lgcc -plugin-opt=-pass-through=-lgcc_s -plugin-opt=-pass-through=-lc -plugin-opt=-pass-through=-lgcc -plugin-opt=-pass-through=-lgcc_s --sysroot=/ --build-id --eh-frame-hdr -m elf_x86_64 --hash-style=gnu --as-needed -export-dynamic -dynamic-linker /lib64/ld-linux-x86-64.so.2 -z relro -o cmTC_63145 /usr/lib/gcc/x86_64-linux-gnu/5/../../../x86_64-linux-gnu/crt1.o /usr/lib/gcc/x86_64-linux-gnu/5/../../../x86_64-linux-gnu/crti.o /usr/lib/gcc/x86_64-linux-gnu/5/crtbegin.o -L/usr/lib/gcc/x86_64-linux-gnu/5 -L/usr/lib/gcc/x86_64-linux-gnu/5/../../../x86_64-linux-gnu -L/usr/lib/gcc/x86_64-linux-gnu/5/../../../../lib -L/lib/x86_64-linux-gnu -L/lib/../lib -L/usr/lib/x86_64-linux-gnu -L/usr/lib/../lib -L/usr/lib/gcc/x86_64-linux-gnu/5/../../.. CMakeFiles/cmTC_63145.dir/CMakeCCompilerABI.c.o -lgcc --as-needed -lgcc_s --no-as-needed -lc -lgcc --as-needed -lgcc_s --no-as-needed /usr/lib/gcc/x86_64-linux-gnu/5/crtend.o /usr/lib/gcc/x86_64-linux-gnu/5/../../../x86_64-linux-gnu/crtn.o]
    arg [/usr/lib/gcc/x86_64-linux-gnu/5/collect2] ==> ignore
    arg [-plugin] ==> ignore
    arg [/usr/lib/gcc/x86_64-linux-gnu/5/liblto_plugin.so] ==> ignore
    arg [-plugin-opt=/usr/lib/gcc/x86_64-linux-gnu/5/lto-wrapper] ==> ignore
    arg [-plugin-opt=-fresolution=/tmp/cc29DBcW.res] ==> ignore
    arg [-plugin-opt=-pass-through=-lgcc] ==> ignore
    arg [-plugin-opt=-pass-through=-lgcc_s] ==> ignore
    arg [-plugin-opt=-pass-through=-lc] ==> ignore
    arg [-plugin-opt=-pass-through=-lgcc] ==> ignore
    arg [-plugin-opt=-pass-through=-lgcc_s] ==> ignore
    arg [--sysroot=/] ==> ignore
    arg [--build-id] ==> ignore
    arg [--eh-frame-hdr] ==> ignore
    arg [-m] ==> ignore
    arg [elf_x86_64] ==> ignore
    arg [--hash-style=gnu] ==> ignore
    arg [--as-needed] ==> ignore
    arg [-export-dynamic] ==> ignore
    arg [-dynamic-linker] ==> ignore
    arg [/lib64/ld-linux-x86-64.so.2] ==> ignore
    arg [-zrelro] ==> ignore
    arg [-o] ==> ignore
    arg [cmTC_63145] ==> ignore
    arg [/usr/lib/gcc/x86_64-linux-gnu/5/../../../x86_64-linux-gnu/crt1.o] ==> ignore
    arg [/usr/lib/gcc/x86_64-linux-gnu/5/../../../x86_64-linux-gnu/crti.o] ==> ignore
    arg [/usr/lib/gcc/x86_64-linux-gnu/5/crtbegin.o] ==> ignore
    arg [-L/usr/lib/gcc/x86_64-linux-gnu/5] ==> dir [/usr/lib/gcc/x86_64-linux-gnu/5]
    arg [-L/usr/lib/gcc/x86_64-linux-gnu/5/../../../x86_64-linux-gnu] ==> dir [/usr/lib/gcc/x86_64-linux-gnu/5/../../../x86_64-linux-gnu]
    arg [-L/usr/lib/gcc/x86_64-linux-gnu/5/../../../../lib] ==> dir [/usr/lib/gcc/x86_64-linux-gnu/5/../../../../lib]
    arg [-L/lib/x86_64-linux-gnu] ==> dir [/lib/x86_64-linux-gnu]
    arg [-L/lib/../lib] ==> dir [/lib/../lib]
    arg [-L/usr/lib/x86_64-linux-gnu] ==> dir [/usr/lib/x86_64-linux-gnu]
    arg [-L/usr/lib/../lib] ==> dir [/usr/lib/../lib]
    arg [-L/usr/lib/gcc/x86_64-linux-gnu/5/../../..] ==> dir [/usr/lib/gcc/x86_64-linux-gnu/5/../../..]
    arg [CMakeFiles/cmTC_63145.dir/CMakeCCompilerABI.c.o] ==> ignore
    arg [-lgcc] ==> lib [gcc]
    arg [--as-needed] ==> ignore
    arg [-lgcc_s] ==> lib [gcc_s]
    arg [--no-as-needed] ==> ignore
    arg [-lc] ==> lib [c]
    arg [-lgcc] ==> lib [gcc]
    arg [--as-needed] ==> ignore
    arg [-lgcc_s] ==> lib [gcc_s]
    arg [--no-as-needed] ==> ignore
    arg [/usr/lib/gcc/x86_64-linux-gnu/5/crtend.o] ==> ignore
    arg [/usr/lib/gcc/x86_64-linux-gnu/5/../../../x86_64-linux-gnu/crtn.o] ==> ignore
  remove lib [gcc]
  remove lib [gcc_s]
  remove lib [gcc]
  remove lib [gcc_s]
  collapse library dir [/usr/lib/gcc/x86_64-linux-gnu/5] ==> [/usr/lib/gcc/x86_64-linux-gnu/5]
  collapse library dir [/usr/lib/gcc/x86_64-linux-gnu/5/../../../x86_64-linux-gnu] ==> [/usr/lib/x86_64-linux-gnu]
  collapse library dir [/usr/lib/gcc/x86_64-linux-gnu/5/../../../../lib] ==> [/usr/lib]
  collapse library dir [/lib/x86_64-linux-gnu] ==> [/lib/x86_64-linux-gnu]
  collapse library dir [/lib/../lib] ==> [/lib]
  collapse library dir [/usr/lib/x86_64-linux-gnu] ==> [/usr/lib/x86_64-linux-gnu]
  collapse library dir [/usr/lib/../lib] ==> [/usr/lib]
  collapse library dir [/usr/lib/gcc/x86_64-linux-gnu/5/../../..] ==> [/usr/lib]
  implicit libs: [c]
  implicit dirs: [/usr/lib/gcc/x86_64-linux-gnu/5;/usr/lib/x86_64-linux-gnu;/usr/lib;/lib/x86_64-linux-gnu;/lib]
  implicit fwks: []




Detecting C [-std=c11] compiler features compiled with the following output:
Change Dir: /home/srq/Installations/tesseract/cmake-build-debug/CMakeFiles/CMakeTmp

Run Build Command:"/usr/bin/make" "cmTC_a8371/fast"
/usr/bin/make -f CMakeFiles/cmTC_a8371.dir/build.make CMakeFiles/cmTC_a8371.dir/build
make[1]: Entering directory '/home/srq/Installations/tesseract/cmake-build-debug/CMakeFiles/CMakeTmp'
Building C object CMakeFiles/cmTC_a8371.dir/feature_tests.c.o
/usr/bin/cc    -std=c11 -o CMakeFiles/cmTC_a8371.dir/feature_tests.c.o   -c /home/srq/Installations/tesseract/cmake-build-debug/CMakeFiles/feature_tests.c
Linking C executable cmTC_a8371
/home/srq/Installations/clion-2016.3.2/bin/cmake/bin/cmake -E cmake_link_script CMakeFiles/cmTC_a8371.dir/link.txt --verbose=1
/usr/bin/cc       CMakeFiles/cmTC_a8371.dir/feature_tests.c.o  -o cmTC_a8371 -rdynamic 
make[1]: Leaving directory '/home/srq/Installations/tesseract/cmake-build-debug/CMakeFiles/CMakeTmp'


    Feature record: C_FEATURE:1c_function_prototypes
    Feature record: C_FEATURE:1c_restrict
    Feature record: C_FEATURE:1c_static_assert
    Feature record: C_FEATURE:1c_variadic_macros


Detecting C [-std=c99] compiler features compiled with the following output:
Change Dir: /home/srq/Installations/tesseract/cmake-build-debug/CMakeFiles/CMakeTmp

Run Build Command:"/usr/bin/make" "cmTC_e892c/fast"
/usr/bin/make -f CMakeFiles/cmTC_e892c.dir/build.make CMakeFiles/cmTC_e892c.dir/build
make[1]: Entering directory '/home/srq/Installations/tesseract/cmake-build-debug/CMakeFiles/CMakeTmp'
Building C object CMakeFiles/cmTC_e892c.dir/feature_tests.c.o
/usr/bin/cc    -std=c99 -o CMakeFiles/cmTC_e892c.dir/feature_tests.c.o   -c /home/srq/Installations/tesseract/cmake-build-debug/CMakeFiles/feature_tests.c
Linking C executable cmTC_e892c
/home/srq/Installations/clion-2016.3.2/bin/cmake/bin/cmake -E cmake_link_script CMakeFiles/cmTC_e892c.dir/link.txt --verbose=1
/usr/bin/cc       CMakeFiles/cmTC_e892c.dir/feature_tests.c.o  -o cmTC_e892c -rdynamic 
make[1]: Leaving directory '/home/srq/Installations/tesseract/cmake-build-debug/CMakeFiles/CMakeTmp'


    Feature record: C_FEATURE:1c_function_prototypes
    Feature record: C_FEATURE:1c_restrict
    Feature record: C_FEATURE:0c_static_assert
    Feature record: C_FEATURE:1c_variadic_macros


Detecting C [-std=c90] compiler features compiled with the following output:
Change Dir: /home/srq/Installations/tesseract/cmake-build-debug/CMakeFiles/CMakeTmp

Run Build Command:"/usr/bin/make" "cmTC_c103e/fast"
/usr/bin/make -f CMakeFiles/cmTC_c103e.dir/build.make CMakeFiles/cmTC_c103e.dir/build
make[1]: Entering directory '/home/srq/Installations/tesseract/cmake-build-debug/CMakeFiles/CMakeTmp'
Building C object CMakeFiles/cmTC_c103e.dir/feature_tests.c.o
/usr/bin/cc    -std=c90 -o CMakeFiles/cmTC_c103e.dir/feature_tests.c.o   -c /home/srq/Installations/tesseract/cmake-build-debug/CMakeFiles/feature_tests.c
Linking C executable cmTC_c103e
/home/srq/Installations/clion-2016.3.2/bin/cmake/bin/cmake -E cmake_link_script CMakeFiles/cmTC_c103e.dir/link.txt --verbose=1
/usr/bin/cc       CMakeFiles/cmTC_c103e.dir/feature_tests.c.o  -o cmTC_c103e -rdynamic 
make[1]: Leaving directory '/home/srq/Installations/tesseract/cmake-build-debug/CMakeFiles/CMakeTmp'


    Feature record: C_FEATURE:1c_function_prototypes
    Feature record: C_FEATURE:0c_restrict
    Feature record: C_FEATURE:0c_static_assert
    Feature record: C_FEATURE:0c_variadic_macros
Determining if the CXX compiler works passed with the following output:
Change Dir: /home/srq/Installations/tesseract/cmake-build-debug/CMakeFiles/CMakeTmp

Run Build Command:"/usr/bin/make" "cmTC_f50eb/fast"
/usr/bin/make -f CMakeFiles/cmTC_f50eb.dir/build.make CMakeFiles/cmTC_f50eb.dir/build
make[1]: Entering directory '/home/srq/Installations/tesseract/cmake-build-debug/CMakeFiles/CMakeTmp'
Building CXX object CMakeFiles/cmTC_f50eb.dir/testCXXCompiler.cxx.o
/usr/bin/c++      -o CMakeFiles/cmTC_f50eb.dir/testCXXCompiler.cxx.o -c /home/srq/Installations/tesseract/cmake-build-debug/CMakeFiles/CMakeTmp/testCXXCompiler.cxx
Linking CXX executable cmTC_f50eb
/home/srq/Installations/clion-2016.3.2/bin/cmake/bin/cmake -E cmake_link_script CMakeFiles/cmTC_f50eb.dir/link.txt --verbose=1
/usr/bin/c++        CMakeFiles/cmTC_f50eb.dir/testCXXCompiler.cxx.o  -o cmTC_f50eb -rdynamic 
make[1]: Leaving directory '/home/srq/Installations/tesseract/cmake-build-debug/CMakeFiles/CMakeTmp'


Detecting CXX compiler ABI info compiled with the following output:
Change Dir: /home/srq/Installations/tesseract/cmake-build-debug/CMakeFiles/CMakeTmp

Run Build Command:"/usr/bin/make" "cmTC_0fbb8/fast"
/usr/bin/make -f CMakeFiles/cmTC_0fbb8.dir/build.make CMakeFiles/cmTC_0fbb8.dir/build
make[1]: Entering directory '/home/srq/Installations/tesseract/cmake-build-debug/CMakeFiles/CMakeTmp'
Building CXX object CMakeFiles/cmTC_0fbb8.dir/CMakeCXXCompilerABI.cpp.o
/usr/bin/c++      -o CMakeFiles/cmTC_0fbb8.dir/CMakeCXXCompilerABI.cpp.o -c /home/srq/Installations/clion-2016.3.2/bin/cmake/share/cmake-3.7/Modules/CMakeCXXCompilerABI.cpp
Linking CXX executable cmTC_0fbb8
/home/srq/Installations/clion-2016.3.2/bin/cmake/bin/cmake -E cmake_link_script CMakeFiles/cmTC_0fbb8.dir/link.txt --verbose=1
/usr/bin/c++       -v CMakeFiles/cmTC_0fbb8.dir/CMakeCXXCompilerABI.cpp.o  -o cmTC_0fbb8 -rdynamic  
Using built-in specs.
COLLECT_GCC=/usr/bin/c++
COLLECT_LTO_WRAPPER=/usr/lib/gcc/x86_64-linux-gnu/5/lto-wrapper
Target: x86_64-linux-gnu
Configured with: ../src/configure -v --with-pkgversion='Ubuntu 5.4.0-6ubuntu1~16.04.4' --with-bugurl=file:///usr/share/doc/gcc-5/README.Bugs --enable-languages=c,ada,c++,java,go,d,fortran,objc,obj-c++ --prefix=/usr --program-suffix=-5 --enable-shared --enable-linker-build-id --libexecdir=/usr/lib --without-included-gettext --enable-threads=posix --libdir=/usr/lib --enable-nls --with-sysroot=/ --enable-clocale=gnu --enable-libstdcxx-debug --enable-libstdcxx-time=yes --with-default-libstdcxx-abi=new --enable-gnu-unique-object --disable-vtable-verify --enable-libmpx --enable-plugin --with-system-zlib --disable-browser-plugin --enable-java-awt=gtk --enable-gtk-cairo --with-java-home=/usr/lib/jvm/java-1.5.0-gcj-5-amd64/jre --enable-java-home --with-jvm-root-dir=/usr/lib/jvm/java-1.5.0-gcj-5-amd64 --with-jvm-jar-dir=/usr/lib/jvm-exports/java-1.5.0-gcj-5-amd64 --with-arch-directory=amd64 --with-ecj-jar=/usr/share/java/eclipse-ecj.jar --enable-objc-gc --enable-multiarch --disable-werror --with-arch-32=i686 --with-abi=m64 --with-multilib-list=m32,m64,mx32 --enable-multilib --with-tune=generic --enable-checking=release --build=x86_64-linux-gnu --host=x86_64-linux-gnu --target=x86_64-linux-gnu
Thread model: posix
gcc version 5.4.0 20160609 (Ubuntu 5.4.0-6ubuntu1~16.04.4) 
COMPILER_PATH=/usr/lib/gcc/x86_64-linux-gnu/5/:/usr/lib/gcc/x86_64-linux-gnu/5/:/usr/lib/gcc/x86_64-linux-gnu/:/usr/lib/gcc/x86_64-linux-gnu/5/:/usr/lib/gcc/x86_64-linux-gnu/
LIBRARY_PATH=/usr/lib/gcc/x86_64-linux-gnu/5/:/usr/lib/gcc/x86_64-linux-gnu/5/../../../x86_64-linux-gnu/:/usr/lib/gcc/x86_64-linux-gnu/5/../../../../lib/:/lib/x86_64-linux-gnu/:/lib/../lib/:/usr/lib/x86_64-linux-gnu/:/usr/lib/../lib/:/usr/lib/gcc/x86_64-linux-gnu/5/../../../:/lib/:/usr/lib/
COLLECT_GCC_OPTIONS='-v' '-o' 'cmTC_0fbb8' '-rdynamic' '-shared-libgcc' '-mtune=generic' '-march=x86-64'
 /usr/lib/gcc/x86_64-linux-gnu/5/collect2 -plugin /usr/lib/gcc/x86_64-linux-gnu/5/liblto_plugin.so -plugin-opt=/usr/lib/gcc/x86_64-linux-gnu/5/lto-wrapper -plugin-opt=-fresolution=/tmp/ccLTQfDi.res -plugin-opt=-pass-through=-lgcc_s -plugin-opt=-pass-through=-lgcc -plugin-opt=-pass-through=-lc -plugin-opt=-pass-through=-lgcc_s -plugin-opt=-pass-through=-lgcc --sysroot=/ --build-id --eh-frame-hdr -m elf_x86_64 --hash-style=gnu --as-needed -export-dynamic -dynamic-linker /lib64/ld-linux-x86-64.so.2 -z relro -o cmTC_0fbb8 /usr/lib/gcc/x86_64-linux-gnu/5/../../../x86_64-linux-gnu/crt1.o /usr/lib/gcc/x86_64-linux-gnu/5/../../../x86_64-linux-gnu/crti.o /usr/lib/gcc/x86_64-linux-gnu/5/crtbegin.o -L/usr/lib/gcc/x86_64-linux-gnu/5 -L/usr/lib/gcc/x86_64-linux-gnu/5/../../../x86_64-linux-gnu -L/usr/lib/gcc/x86_64-linux-gnu/5/../../../../lib -L/lib/x86_64-linux-gnu -L/lib/../lib -L/usr/lib/x86_64-linux-gnu -L/usr/lib/../lib -L/usr/lib/gcc/x86_64-linux-gnu/5/../../.. CMakeFiles/cmTC_0fbb8.dir/CMakeCXXCompilerABI.cpp.o -lstdc++ -lm -lgcc_s -lgcc -lc -lgcc_s -lgcc /usr/lib/gcc/x86_64-linux-gnu/5/crtend.o /usr/lib/gcc/x86_64-linux-gnu/5/../../../x86_64-linux-gnu/crtn.o
make[1]: Leaving directory '/home/srq/Installations/tesseract/cmake-build-debug/CMakeFiles/CMakeTmp'


Parsed CXX implicit link information from above output:
  link line regex: [^( *|.*[/\])(ld|([^/\]+-)?ld|collect2)[^/\]*( |$)]
  ignore line: [Change Dir: /home/srq/Installations/tesseract/cmake-build-debug/CMakeFiles/CMakeTmp]
  ignore line: []
  ignore line: [Run Build Command:"/usr/bin/make" "cmTC_0fbb8/fast"]
  ignore line: [/usr/bin/make -f CMakeFiles/cmTC_0fbb8.dir/build.make CMakeFiles/cmTC_0fbb8.dir/build]
  ignore line: [make[1]: Entering directory '/home/srq/Installations/tesseract/cmake-build-debug/CMakeFiles/CMakeTmp']
  ignore line: [Building CXX object CMakeFiles/cmTC_0fbb8.dir/CMakeCXXCompilerABI.cpp.o]
  ignore line: [/usr/bin/c++      -o CMakeFiles/cmTC_0fbb8.dir/CMakeCXXCompilerABI.cpp.o -c /home/srq/Installations/clion-2016.3.2/bin/cmake/share/cmake-3.7/Modules/CMakeCXXCompilerABI.cpp]
  ignore line: [Linking CXX executable cmTC_0fbb8]
  ignore line: [/home/srq/Installations/clion-2016.3.2/bin/cmake/bin/cmake -E cmake_link_script CMakeFiles/cmTC_0fbb8.dir/link.txt --verbose=1]
  ignore line: [/usr/bin/c++       -v CMakeFiles/cmTC_0fbb8.dir/CMakeCXXCompilerABI.cpp.o  -o cmTC_0fbb8 -rdynamic  ]
  ignore line: [Using built-in specs.]
  ignore line: [COLLECT_GCC=/usr/bin/c++]
  ignore line: [COLLECT_LTO_WRAPPER=/usr/lib/gcc/x86_64-linux-gnu/5/lto-wrapper]
  ignore line: [Target: x86_64-linux-gnu]
  ignore line: [Configured with: ../src/configure -v --with-pkgversion='Ubuntu 5.4.0-6ubuntu1~16.04.4' --with-bugurl=file:///usr/share/doc/gcc-5/README.Bugs --enable-languages=c,ada,c++,java,go,d,fortran,objc,obj-c++ --prefix=/usr --program-suffix=-5 --enable-shared --enable-linker-build-id --libexecdir=/usr/lib --without-included-gettext --enable-threads=posix --libdir=/usr/lib --enable-nls --with-sysroot=/ --enable-clocale=gnu --enable-libstdcxx-debug --enable-libstdcxx-time=yes --with-default-libstdcxx-abi=new --enable-gnu-unique-object --disable-vtable-verify --enable-libmpx --enable-plugin --with-system-zlib --disable-browser-plugin --enable-java-awt=gtk --enable-gtk-cairo --with-java-home=/usr/lib/jvm/java-1.5.0-gcj-5-amd64/jre --enable-java-home --with-jvm-root-dir=/usr/lib/jvm/java-1.5.0-gcj-5-amd64 --with-jvm-jar-dir=/usr/lib/jvm-exports/java-1.5.0-gcj-5-amd64 --with-arch-directory=amd64 --with-ecj-jar=/usr/share/java/eclipse-ecj.jar --enable-objc-gc --enable-multiarch --disable-werror --with-arch-32=i686 --with-abi=m64 --with-multilib-list=m32,m64,mx32 --enable-multilib --with-tune=generic --enable-checking=release --build=x86_64-linux-gnu --host=x86_64-linux-gnu --target=x86_64-linux-gnu]
  ignore line: [Thread model: posix]
  ignore line: [gcc version 5.4.0 20160609 (Ubuntu 5.4.0-6ubuntu1~16.04.4) ]
  ignore line: [COMPILER_PATH=/usr/lib/gcc/x86_64-linux-gnu/5/:/usr/lib/gcc/x86_64-linux-gnu/5/:/usr/lib/gcc/x86_64-linux-gnu/:/usr/lib/gcc/x86_64-linux-gnu/5/:/usr/lib/gcc/x86_64-linux-gnu/]
  ignore line: [LIBRARY_PATH=/usr/lib/gcc/x86_64-linux-gnu/5/:/usr/lib/gcc/x86_64-linux-gnu/5/../../../x86_64-linux-gnu/:/usr/lib/gcc/x86_64-linux-gnu/5/../../../../lib/:/lib/x86_64-linux-gnu/:/lib/../lib/:/usr/lib/x86_64-linux-gnu/:/usr/lib/../lib/:/usr/lib/gcc/x86_64-linux-gnu/5/../../../:/lib/:/usr/lib/]
  ignore line: [COLLECT_GCC_OPTIONS='-v' '-o' 'cmTC_0fbb8' '-rdynamic' '-shared-libgcc' '-mtune=generic' '-march=x86-64']
  link line: [ /usr/lib/gcc/x86_64-linux-gnu/5/collect2 -plugin /usr/lib/gcc/x86_64-linux-gnu/5/liblto_plugin.so -plugin-opt=/usr/lib/gcc/x86_64-linux-gnu/5/lto-wrapper -plugin-opt=-fresolution=/tmp/ccLTQfDi.res -plugin-opt=-pass-through=-lgcc_s -plugin-opt=-pass-through=-lgcc -plugin-opt=-pass-through=-lc -plugin-opt=-pass-through=-lgcc_s -plugin-opt=-pass-through=-lgcc --sysroot=/ --build-id --eh-frame-hdr -m elf_x86_64 --hash-style=gnu --as-needed -export-dynamic -dynamic-linker /lib64/ld-linux-x86-64.so.2 -z relro -o cmTC_0fbb8 /usr/lib/gcc/x86_64-linux-gnu/5/../../../x86_64-linux-gnu/crt1.o /usr/lib/gcc/x86_64-linux-gnu/5/../../../x86_64-linux-gnu/crti.o /usr/lib/gcc/x86_64-linux-gnu/5/crtbegin.o -L/usr/lib/gcc/x86_64-linux-gnu/5 -L/usr/lib/gcc/x86_64-linux-gnu/5/../../../x86_64-linux-gnu -L/usr/lib/gcc/x86_64-linux-gnu/5/../../../../lib -L/lib/x86_64-linux-gnu -L/lib/../lib -L/usr/lib/x86_64-linux-gnu -L/usr/lib/../lib -L/usr/lib/gcc/x86_64-linux-gnu/5/../../.. CMakeFiles/cmTC_0fbb8.dir/CMakeCXXCompilerABI.cpp.o -lstdc++ -lm -lgcc_s -lgcc -lc -lgcc_s -lgcc /usr/lib/gcc/x86_64-linux-gnu/5/crtend.o /usr/lib/gcc/x86_64-linux-gnu/5/../../../x86_64-linux-gnu/crtn.o]
    arg [/usr/lib/gcc/x86_64-linux-gnu/5/collect2] ==> ignore
    arg [-plugin] ==> ignore
    arg [/usr/lib/gcc/x86_64-linux-gnu/5/liblto_plugin.so] ==> ignore
    arg [-plugin-opt=/usr/lib/gcc/x86_64-linux-gnu/5/lto-wrapper] ==> ignore
    arg [-plugin-opt=-fresolution=/tmp/ccLTQfDi.res] ==> ignore
    arg [-plugin-opt=-pass-through=-lgcc_s] ==> ignore
    arg [-plugin-opt=-pass-through=-lgcc] ==> ignore
    arg [-plugin-opt=-pass-through=-lc] ==> ignore
    arg [-plugin-opt=-pass-through=-lgcc_s] ==> ignore
    arg [-plugin-opt=-pass-through=-lgcc] ==> ignore
    arg [--sysroot=/] ==> ignore
    arg [--build-id] ==> ignore
    arg [--eh-frame-hdr] ==> ignore
    arg [-m] ==> ignore
    arg [elf_x86_64] ==> ignore
    arg [--hash-style=gnu] ==> ignore
    arg [--as-needed] ==> ignore
    arg [-export-dynamic] ==> ignore
    arg [-dynamic-linker] ==> ignore
    arg [/lib64/ld-linux-x86-64.so.2] ==> ignore
    arg [-zrelro] ==> ignore
    arg [-o] ==> ignore
    arg [cmTC_0fbb8] ==> ignore
    arg [/usr/lib/gcc/x86_64-linux-gnu/5/../../../x86_64-linux-gnu/crt1.o] ==> ignore
    arg [/usr/lib/gcc/x86_64-linux-gnu/5/../../../x86_64-linux-gnu/crti.o] ==> ignore
    arg [/usr/lib/gcc/x86_64-linux-gnu/5/crtbegin.o] ==> ignore
    arg [-L/usr/lib/gcc/x86_64-linux-gnu/5] ==> dir [/usr/lib/gcc/x86_64-linux-gnu/5]
    arg [-L/usr/lib/gcc/x86_64-linux-gnu/5/../../../x86_64-linux-gnu] ==> dir [/usr/lib/gcc/x86_64-linux-gnu/5/../../../x86_64-linux-gnu]
    arg [-L/usr/lib/gcc/x86_64-linux-gnu/5/../../../../lib] ==> dir [/usr/lib/gcc/x86_64-linux-gnu/5/../../../../lib]
    arg [-L/lib/x86_64-linux-gnu] ==> dir [/lib/x86_64-linux-gnu]
    arg [-L/lib/../lib] ==> dir [/lib/../lib]
    arg [-L/usr/lib/x86_64-linux-gnu] ==> dir [/usr/lib/x86_64-linux-gnu]
    arg [-L/usr/lib/../lib] ==> dir [/usr/lib/../lib]
    arg [-L/usr/lib/gcc/x86_64-linux-gnu/5/../../..] ==> dir [/usr/lib/gcc/x86_64-linux-gnu/5/../../..]
    arg [CMakeFiles/cmTC_0fbb8.dir/CMakeCXXCompilerABI.cpp.o] ==> ignore
    arg [-lstdc++] ==> lib [stdc++]
    arg [-lm] ==> lib [m]
    arg [-lgcc_s] ==> lib [gcc_s]
    arg [-lgcc] ==> lib [gcc]
    arg [-lc] ==> lib [c]
    arg [-lgcc_s] ==> lib [gcc_s]
    arg [-lgcc] ==> lib [gcc]
    arg [/usr/lib/gcc/x86_64-linux-gnu/5/crtend.o] ==> ignore
    arg [/usr/lib/gcc/x86_64-linux-gnu/5/../../../x86_64-linux-gnu/crtn.o] ==> ignore
  remove lib [gcc_s]
  remove lib [gcc]
  remove lib [gcc_s]
  remove lib [gcc]
  collapse library dir [/usr/lib/gcc/x86_64-linux-gnu/5] ==> [/usr/lib/gcc/x86_64-linux-gnu/5]
  collapse library dir [/usr/lib/gcc/x86_64-linux-gnu/5/../../../x86_64-linux-gnu] ==> [/usr/lib/x86_64-linux-gnu]
  collapse library dir [/usr/lib/gcc/x86_64-linux-gnu/5/../../../../lib] ==> [/usr/lib]
  collapse library dir [/lib/x86_64-linux-gnu] ==> [/lib/x86_64-linux-gnu]
  collapse library dir [/lib/../lib] ==> [/lib]
  collapse library dir [/usr/lib/x86_64-linux-gnu] ==> [/usr/lib/x86_64-linux-gnu]
  collapse library dir [/usr/lib/../lib] ==> [/usr/lib]
  collapse library dir [/usr/lib/gcc/x86_64-linux-gnu/5/../../..] ==> [/usr/lib]
  implicit libs: [stdc++;m;c]
  implicit dirs: [/usr/lib/gcc/x86_64-linux-gnu/5;/usr/lib/x86_64-linux-gnu;/usr/lib;/lib/x86_64-linux-gnu;/lib]
  implicit fwks: []




Detecting CXX [-std=c++14] compiler features compiled with the following output:
Change Dir: /home/srq/Installations/tesseract/cmake-build-debug/CMakeFiles/CMakeTmp

Run Build Command:"/usr/bin/make" "cmTC_c66a0/fast"
/usr/bin/make -f CMakeFiles/cmTC_c66a0.dir/build.make CMakeFiles/cmTC_c66a0.dir/build
make[1]: Entering directory '/home/srq/Installations/tesseract/cmake-build-debug/CMakeFiles/CMakeTmp'
Building CXX object CMakeFiles/cmTC_c66a0.dir/feature_tests.cxx.o
/usr/bin/c++     -std=c++14 -o CMakeFiles/cmTC_c66a0.dir/feature_tests.cxx.o -c /home/srq/Installations/tesseract/cmake-build-debug/CMakeFiles/feature_tests.cxx
Linking CXX executable cmTC_c66a0
/home/srq/Installations/clion-2016.3.2/bin/cmake/bin/cmake -E cmake_link_script CMakeFiles/cmTC_c66a0.dir/link.txt --verbose=1
/usr/bin/c++        CMakeFiles/cmTC_c66a0.dir/feature_tests.cxx.o  -o cmTC_c66a0 -rdynamic 
make[1]: Leaving directory '/home/srq/Installations/tesseract/cmake-build-debug/CMakeFiles/CMakeTmp'


    Feature record: CXX_FEATURE:1cxx_aggregate_default_initializers
    Feature record: CXX_FEATURE:1cxx_alias_templates
    Feature record: CXX_FEATURE:1cxx_alignas
    Feature record: CXX_FEATURE:1cxx_alignof
    Feature record: CXX_FEATURE:1cxx_attributes
    Feature record: CXX_FEATURE:1cxx_attribute_deprecated
    Feature record: CXX_FEATURE:1cxx_auto_type
    Feature record: CXX_FEATURE:1cxx_binary_literals
    Feature record: CXX_FEATURE:1cxx_constexpr
    Feature record: CXX_FEATURE:1cxx_contextual_conversions
    Feature record: CXX_FEATURE:1cxx_decltype
    Feature record: CXX_FEATURE:1cxx_decltype_auto
    Feature record: CXX_FEATURE:1cxx_decltype_incomplete_return_types
    Feature record: CXX_FEATURE:1cxx_default_function_template_args
    Feature record: CXX_FEATURE:1cxx_defaulted_functions
    Feature record: CXX_FEATURE:1cxx_defaulted_move_initializers
    Feature record: CXX_FEATURE:1cxx_delegating_constructors
    Feature record: CXX_FEATURE:1cxx_deleted_functions
    Feature record: CXX_FEATURE:1cxx_digit_separators
    Feature record: CXX_FEATURE:1cxx_enum_forward_declarations
    Feature record: CXX_FEATURE:1cxx_explicit_conversions
    Feature record: CXX_FEATURE:1cxx_extended_friend_declarations
    Feature record: CXX_FEATURE:1cxx_extern_templates
    Feature record: CXX_FEATURE:1cxx_final
    Feature record: CXX_FEATURE:1cxx_func_identifier
    Feature record: CXX_FEATURE:1cxx_generalized_initializers
    Feature record: CXX_FEATURE:1cxx_generic_lambdas
    Feature record: CXX_FEATURE:1cxx_inheriting_constructors
    Feature record: CXX_FEATURE:1cxx_inline_namespaces
    Feature record: CXX_FEATURE:1cxx_lambdas
    Feature record: CXX_FEATURE:1cxx_lambda_init_captures
    Feature record: CXX_FEATURE:1cxx_local_type_template_args
    Feature record: CXX_FEATURE:1cxx_long_long_type
    Feature record: CXX_FEATURE:1cxx_noexcept
    Feature record: CXX_FEATURE:1cxx_nonstatic_member_init
    Feature record: CXX_FEATURE:1cxx_nullptr
    Feature record: CXX_FEATURE:1cxx_override
    Feature record: CXX_FEATURE:1cxx_range_for
    Feature record: CXX_FEATURE:1cxx_raw_string_literals
    Feature record: CXX_FEATURE:1cxx_reference_qualified_functions
    Feature record: CXX_FEATURE:1cxx_relaxed_constexpr
    Feature record: CXX_FEATURE:1cxx_return_type_deduction
    Feature record: CXX_FEATURE:1cxx_right_angle_brackets
    Feature record: CXX_FEATURE:1cxx_rvalue_references
    Feature record: CXX_FEATURE:1cxx_sizeof_member
    Feature record: CXX_FEATURE:1cxx_static_assert
    Feature record: CXX_FEATURE:1cxx_strong_enums
    Feature record: CXX_FEATURE:1cxx_template_template_parameters
    Feature record: CXX_FEATURE:1cxx_thread_local
    Feature record: CXX_FEATURE:1cxx_trailing_return_types
    Feature record: CXX_FEATURE:1cxx_unicode_literals
    Feature record: CXX_FEATURE:1cxx_uniform_initialization
    Feature record: CXX_FEATURE:1cxx_unrestricted_unions
    Feature record: CXX_FEATURE:1cxx_user_literals
    Feature record: CXX_FEATURE:1cxx_variable_templates
    Feature record: CXX_FEATURE:1cxx_variadic_macros
    Feature record: CXX_FEATURE:1cxx_variadic_templates


Detecting CXX [-std=c++11] compiler features compiled with the following output:
Change Dir: /home/srq/Installations/tesseract/cmake-build-debug/CMakeFiles/CMakeTmp

Run Build Command:"/usr/bin/make" "cmTC_67239/fast"
/usr/bin/make -f CMakeFiles/cmTC_67239.dir/build.make CMakeFiles/cmTC_67239.dir/build
make[1]: Entering directory '/home/srq/Installations/tesseract/cmake-build-debug/CMakeFiles/CMakeTmp'
Building CXX object CMakeFiles/cmTC_67239.dir/feature_tests.cxx.o
/usr/bin/c++     -std=c++11 -o CMakeFiles/cmTC_67239.dir/feature_tests.cxx.o -c /home/srq/Installations/tesseract/cmake-build-debug/CMakeFiles/feature_tests.cxx
Linking CXX executable cmTC_67239
/home/srq/Installations/clion-2016.3.2/bin/cmake/bin/cmake -E cmake_link_script CMakeFiles/cmTC_67239.dir/link.txt --verbose=1
/usr/bin/c++        CMakeFiles/cmTC_67239.dir/feature_tests.cxx.o  -o cmTC_67239 -rdynamic 
make[1]: Leaving directory '/home/srq/Installations/tesseract/cmake-build-debug/CMakeFiles/CMakeTmp'


    Feature record: CXX_FEATURE:0cxx_aggregate_default_initializers
    Feature record: CXX_FEATURE:1cxx_alias_templates
    Feature record: CXX_FEATURE:1cxx_alignas
    Feature record: CXX_FEATURE:1cxx_alignof
    Feature record: CXX_FEATURE:1cxx_attributes
    Feature record: CXX_FEATURE:0cxx_attribute_deprecated
    Feature record: CXX_FEATURE:1cxx_auto_type
    Feature record: CXX_FEATURE:0cxx_binary_literals
    Feature record: CXX_FEATURE:1cxx_constexpr
    Feature record: CXX_FEATURE:0cxx_contextual_conversions
    Feature record: CXX_FEATURE:1cxx_decltype
    Feature record: CXX_FEATURE:0cxx_decltype_auto
    Feature record: CXX_FEATURE:1cxx_decltype_incomplete_return_types
    Feature record: CXX_FEATURE:1cxx_default_function_template_args
    Feature record: CXX_FEATURE:1cxx_defaulted_functions
    Feature record: CXX_FEATURE:1cxx_defaulted_move_initializers
    Feature record: CXX_FEATURE:1cxx_delegating_constructors
    Feature record: CXX_FEATURE:1cxx_deleted_functions
    Feature record: CXX_FEATURE:0cxx_digit_separators
    Feature record: CXX_FEATURE:1cxx_enum_forward_declarations
    Feature record: CXX_FEATURE:1cxx_explicit_conversions
    Feature record: CXX_FEATURE:1cxx_extended_friend_declarations
    Feature record: CXX_FEATURE:1cxx_extern_templates
    Feature record: CXX_FEATURE:1cxx_final
    Feature record: CXX_FEATURE:1cxx_func_identifier
    Feature record: CXX_FEATURE:1cxx_generalized_initializers
    Feature record: CXX_FEATURE:0cxx_generic_lambdas
    Feature record: CXX_FEATURE:1cxx_inheriting_constructors
    Feature record: CXX_FEATURE:1cxx_inline_namespaces
    Feature record: CXX_FEATURE:1cxx_lambdas
    Feature record: CXX_FEATURE:0cxx_lambda_init_captures
    Feature record: CXX_FEATURE:1cxx_local_type_template_args
    Feature record: CXX_FEATURE:1cxx_long_long_type
    Feature record: CXX_FEATURE:1cxx_noexcept
    Feature record: CXX_FEATURE:1cxx_nonstatic_member_init
    Feature record: CXX_FEATURE:1cxx_nullptr
    Feature record: CXX_FEATURE:1cxx_override
    Feature record: CXX_FEATURE:1cxx_range_for
    Feature record: CXX_FEATURE:1cxx_raw_string_literals
    Feature record: CXX_FEATURE:1cxx_reference_qualified_functions
    Feature record: CXX_FEATURE:0cxx_relaxed_constexpr
    Feature record: CXX_FEATURE:0cxx_return_type_deduction
    Feature record: CXX_FEATURE:1cxx_right_angle_brackets
    Feature record: CXX_FEATURE:1cxx_rvalue_references
    Feature record: CXX_FEATURE:1cxx_sizeof_member
    Feature record: CXX_FEATURE:1cxx_static_assert
    Feature record: CXX_FEATURE:1cxx_strong_enums
    Feature record: CXX_FEATURE:1cxx_template_template_parameters
    Feature record: CXX_FEATURE:1cxx_thread_local
    Feature record: CXX_FEATURE:1cxx_trailing_return_types
    Feature record: CXX_FEATURE:1cxx_unicode_literals
    Feature record: CXX_FEATURE:1cxx_uniform_initialization
    Feature record: CXX_FEATURE:1cxx_unrestricted_unions
    Feature record: CXX_FEATURE:1cxx_user_literals
    Feature record: CXX_FEATURE:0cxx_variable_templates
    Feature record: CXX_FEATURE:1cxx_variadic_macros
    Feature record: CXX_FEATURE:1cxx_variadic_templates


Detecting CXX [-std=c++98] compiler features compiled with the following output:
Change Dir: /home/srq/Installations/tesseract/cmake-build-debug/CMakeFiles/CMakeTmp

Run Build Command:"/usr/bin/make" "cmTC_b02a5/fast"
/usr/bin/make -f CMakeFiles/cmTC_b02a5.dir/build.make CMakeFiles/cmTC_b02a5.dir/build
make[1]: Entering directory '/home/srq/Installations/tesseract/cmake-build-debug/CMakeFiles/CMakeTmp'
Building CXX object CMakeFiles/cmTC_b02a5.dir/feature_tests.cxx.o
/usr/bin/c++     -std=c++98 -o CMakeFiles/cmTC_b02a5.dir/feature_tests.cxx.o -c /home/srq/Installations/tesseract/cmake-build-debug/CMakeFiles/feature_tests.cxx
Linking CXX executable cmTC_b02a5
/home/srq/Installations/clion-2016.3.2/bin/cmake/bin/cmake -E cmake_link_script CMakeFiles/cmTC_b02a5.dir/link.txt --verbose=1
/usr/bin/c++        CMakeFiles/cmTC_b02a5.dir/feature_tests.cxx.o  -o cmTC_b02a5 -rdynamic 
make[1]: Leaving directory '/home/srq/Installations/tesseract/cmake-build-debug/CMakeFiles/CMakeTmp'


    Feature record: CXX_FEATURE:0cxx_aggregate_default_initializers
    Feature record: CXX_FEATURE:0cxx_alias_templates
    Feature record: CXX_FEATURE:0cxx_alignas
    Feature record: CXX_FEATURE:0cxx_alignof
    Feature record: CXX_FEATURE:0cxx_attributes
    Feature record: CXX_FEATURE:0cxx_attribute_deprecated
    Feature record: CXX_FEATURE:0cxx_auto_type
    Feature record: CXX_FEATURE:0cxx_binary_literals
    Feature record: CXX_FEATURE:0cxx_constexpr
    Feature record: CXX_FEATURE:0cxx_contextual_conversions
    Feature record: CXX_FEATURE:0cxx_decltype
    Feature record: CXX_FEATURE:0cxx_decltype_auto
    Feature record: CXX_FEATURE:0cxx_decltype_incomplete_return_types
    Feature record: CXX_FEATURE:0cxx_default_function_template_args
    Feature record: CXX_FEATURE:0cxx_defaulted_functions
    Feature record: CXX_FEATURE:0cxx_defaulted_move_initializers
    Feature record: CXX_FEATURE:0cxx_delegating_constructors
    Feature record: CXX_FEATURE:0cxx_deleted_functions
    Feature record: CXX_FEATURE:0cxx_digit_separators
    Feature record: CXX_FEATURE:0cxx_enum_forward_declarations
    Feature record: CXX_FEATURE:0cxx_explicit_conversions
    Feature record: CXX_FEATURE:0cxx_extended_friend_declarations
    Feature record: CXX_FEATURE:0cxx_extern_templates
    Feature record: CXX_FEATURE:0cxx_final
    Feature record: CXX_FEATURE:0cxx_func_identifier
    Feature record: CXX_FEATURE:0cxx_generalized_initializers
    Feature record: CXX_FEATURE:0cxx_generic_lambdas
    Feature record: CXX_FEATURE:0cxx_inheriting_constructors
    Feature record: CXX_FEATURE:0cxx_inline_namespaces
    Feature record: CXX_FEATURE:0cxx_lambdas
    Feature record: CXX_FEATURE:0cxx_lambda_init_captures
    Feature record: CXX_FEATURE:0cxx_local_type_template_args
    Feature record: CXX_FEATURE:0cxx_long_long_type
    Feature record: CXX_FEATURE:0cxx_noexcept
    Feature record: CXX_FEATURE:0cxx_nonstatic_member_init
    Feature record: CXX_FEATURE:0cxx_nullptr
    Feature record: CXX_FEATURE:0cxx_override
    Feature record: CXX_FEATURE:0cxx_range_for
    Feature record: CXX_FEATURE:0cxx_raw_string_literals
    Feature record: CXX_FEATURE:0cxx_reference_qualified_functions
    Feature record: CXX_FEATURE:0cxx_relaxed_constexpr
    Feature record: CXX_FEATURE:0cxx_return_type_deduction
    Feature record: CXX_FEATURE:0cxx_right_angle_brackets
    Feature record: CXX_FEATURE:0cxx_rvalue_references
    Feature record: CXX_FEATURE:0cxx_sizeof_member
    Feature record: CXX_FEATURE:0cxx_static_assert
    Feature record: CXX_FEATURE:0cxx_strong_enums
    Feature record: CXX_FEATURE:1cxx_template_template_parameters
    Feature record: CXX_FEATURE:0cxx_thread_local
    Feature record: CXX_FEATURE:0cxx_trailing_return_types
    Feature record: CXX_FEATURE:0cxx_unicode_literals
    Feature record: CXX_FEATURE:0cxx_uniform_initialization
    Feature record: CXX_FEATURE:0cxx_unrestricted_unions
    Feature record: CXX_FEATURE:0cxx_user_literals
    Feature record: CXX_FEATURE:0cxx_variable_templates
    Feature record: CXX_FEATURE:0cxx_variadic_macros
    Feature record: CXX_FEATURE:0cxx_variadic_templates
Determining if files dlfcn.h exist passed with the following output:
Change Dir: /home/srq/Installations/tesseract/cmake-build-debug/CMakeFiles/CMakeTmp

Run Build Command:"/usr/bin/make" "cmTC_b781c/fast"
/usr/bin/make -f CMakeFiles/cmTC_b781c.dir/build.make CMakeFiles/cmTC_b781c.dir/build
make[1]: Entering directory '/home/srq/Installations/tesseract/cmake-build-debug/CMakeFiles/CMakeTmp'
Building C object CMakeFiles/cmTC_b781c.dir/CheckIncludeFiles.c.o
/usr/bin/cc     -o CMakeFiles/cmTC_b781c.dir/CheckIncludeFiles.c.o   -c /home/srq/Installations/tesseract/cmake-build-debug/CMakeFiles/CMakeTmp/CheckIncludeFiles.c
Linking C executable cmTC_b781c
/home/srq/Installations/clion-2016.3.2/bin/cmake/bin/cmake -E cmake_link_script CMakeFiles/cmTC_b781c.dir/link.txt --verbose=1
/usr/bin/cc       CMakeFiles/cmTC_b781c.dir/CheckIncludeFiles.c.o  -o cmTC_b781c -rdynamic 
make[1]: Leaving directory '/home/srq/Installations/tesseract/cmake-build-debug/CMakeFiles/CMakeTmp'


Determining if files inttypes.h exist passed with the following output:
Change Dir: /home/srq/Installations/tesseract/cmake-build-debug/CMakeFiles/CMakeTmp

Run Build Command:"/usr/bin/make" "cmTC_fc556/fast"
/usr/bin/make -f CMakeFiles/cmTC_fc556.dir/build.make CMakeFiles/cmTC_fc556.dir/build
make[1]: Entering directory '/home/srq/Installations/tesseract/cmake-build-debug/CMakeFiles/CMakeTmp'
Building C object CMakeFiles/cmTC_fc556.dir/CheckIncludeFiles.c.o
/usr/bin/cc     -o CMakeFiles/cmTC_fc556.dir/CheckIncludeFiles.c.o   -c /home/srq/Installations/tesseract/cmake-build-debug/CMakeFiles/CMakeTmp/CheckIncludeFiles.c
Linking C executable cmTC_fc556
/home/srq/Installations/clion-2016.3.2/bin/cmake/bin/cmake -E cmake_link_script CMakeFiles/cmTC_fc556.dir/link.txt --verbose=1
/usr/bin/cc       CMakeFiles/cmTC_fc556.dir/CheckIncludeFiles.c.o  -o cmTC_fc556 -rdynamic 
make[1]: Leaving directory '/home/srq/Installations/tesseract/cmake-build-debug/CMakeFiles/CMakeTmp'


Determining if files limits.h exist passed with the following output:
Change Dir: /home/srq/Installations/tesseract/cmake-build-debug/CMakeFiles/CMakeTmp

Run Build Command:"/usr/bin/make" "cmTC_a8190/fast"
/usr/bin/make -f CMakeFiles/cmTC_a8190.dir/build.make CMakeFiles/cmTC_a8190.dir/build
make[1]: Entering directory '/home/srq/Installations/tesseract/cmake-build-debug/CMakeFiles/CMakeTmp'
Building C object CMakeFiles/cmTC_a8190.dir/CheckIncludeFiles.c.o
/usr/bin/cc     -o CMakeFiles/cmTC_a8190.dir/CheckIncludeFiles.c.o   -c /home/srq/Installations/tesseract/cmake-build-debug/CMakeFiles/CMakeTmp/CheckIncludeFiles.c
Linking C executable cmTC_a8190
/home/srq/Installations/clion-2016.3.2/bin/cmake/bin/cmake -E cmake_link_script CMakeFiles/cmTC_a8190.dir/link.txt --verbose=1
/usr/bin/cc       CMakeFiles/cmTC_a8190.dir/CheckIncludeFiles.c.o  -o cmTC_a8190 -rdynamic 
make[1]: Leaving directory '/home/srq/Installations/tesseract/cmake-build-debug/CMakeFiles/CMakeTmp'


Determining if files malloc.h exist passed with the following output:
Change Dir: /home/srq/Installations/tesseract/cmake-build-debug/CMakeFiles/CMakeTmp

Run Build Command:"/usr/bin/make" "cmTC_86f28/fast"
/usr/bin/make -f CMakeFiles/cmTC_86f28.dir/build.make CMakeFiles/cmTC_86f28.dir/build
make[1]: Entering directory '/home/srq/Installations/tesseract/cmake-build-debug/CMakeFiles/CMakeTmp'
Building C object CMakeFiles/cmTC_86f28.dir/CheckIncludeFiles.c.o
/usr/bin/cc     -o CMakeFiles/cmTC_86f28.dir/CheckIncludeFiles.c.o   -c /home/srq/Installations/tesseract/cmake-build-debug/CMakeFiles/CMakeTmp/CheckIncludeFiles.c
Linking C executable cmTC_86f28
/home/srq/Installations/clion-2016.3.2/bin/cmake/bin/cmake -E cmake_link_script CMakeFiles/cmTC_86f28.dir/link.txt --verbose=1
/usr/bin/cc       CMakeFiles/cmTC_86f28.dir/CheckIncludeFiles.c.o  -o cmTC_86f28 -rdynamic 
make[1]: Leaving directory '/home/srq/Installations/tesseract/cmake-build-debug/CMakeFiles/CMakeTmp'


Determining if files memory.h exist passed with the following output:
Change Dir: /home/srq/Installations/tesseract/cmake-build-debug/CMakeFiles/CMakeTmp

Run Build Command:"/usr/bin/make" "cmTC_85349/fast"
/usr/bin/make -f CMakeFiles/cmTC_85349.dir/build.make CMakeFiles/cmTC_85349.dir/build
make[1]: Entering directory '/home/srq/Installations/tesseract/cmake-build-debug/CMakeFiles/CMakeTmp'
Building C object CMakeFiles/cmTC_85349.dir/CheckIncludeFiles.c.o
/usr/bin/cc     -o CMakeFiles/cmTC_85349.dir/CheckIncludeFiles.c.o   -c /home/srq/Installations/tesseract/cmake-build-debug/CMakeFiles/CMakeTmp/CheckIncludeFiles.c
Linking C executable cmTC_85349
/home/srq/Installations/clion-2016.3.2/bin/cmake/bin/cmake -E cmake_link_script CMakeFiles/cmTC_85349.dir/link.txt --verbose=1
/usr/bin/cc       CMakeFiles/cmTC_85349.dir/CheckIncludeFiles.c.o  -o cmTC_85349 -rdynamic 
make[1]: Leaving directory '/home/srq/Installations/tesseract/cmake-build-debug/CMakeFiles/CMakeTmp'


Determining if files stdbool.h exist passed with the following output:
Change Dir: /home/srq/Installations/tesseract/cmake-build-debug/CMakeFiles/CMakeTmp

Run Build Command:"/usr/bin/make" "cmTC_6d3ec/fast"
/usr/bin/make -f CMakeFiles/cmTC_6d3ec.dir/build.make CMakeFiles/cmTC_6d3ec.dir/build
make[1]: Entering directory '/home/srq/Installations/tesseract/cmake-build-debug/CMakeFiles/CMakeTmp'
Building C object CMakeFiles/cmTC_6d3ec.dir/CheckIncludeFiles.c.o
/usr/bin/cc     -o CMakeFiles/cmTC_6d3ec.dir/CheckIncludeFiles.c.o   -c /home/srq/Installations/tesseract/cmake-build-debug/CMakeFiles/CMakeTmp/CheckIncludeFiles.c
Linking C executable cmTC_6d3ec
/home/srq/Installations/clion-2016.3.2/bin/cmake/bin/cmake -E cmake_link_script CMakeFiles/cmTC_6d3ec.dir/link.txt --verbose=1
/usr/bin/cc       CMakeFiles/cmTC_6d3ec.dir/CheckIncludeFiles.c.o  -o cmTC_6d3ec -rdynamic 
make[1]: Leaving directory '/home/srq/Installations/tesseract/cmake-build-debug/CMakeFiles/CMakeTmp'


Determining if files stdint.h exist passed with the following output:
Change Dir: /home/srq/Installations/tesseract/cmake-build-debug/CMakeFiles/CMakeTmp

Run Build Command:"/usr/bin/make" "cmTC_f697b/fast"
/usr/bin/make -f CMakeFiles/cmTC_f697b.dir/build.make CMakeFiles/cmTC_f697b.dir/build
make[1]: Entering directory '/home/srq/Installations/tesseract/cmake-build-debug/CMakeFiles/CMakeTmp'
Building C object CMakeFiles/cmTC_f697b.dir/CheckIncludeFiles.c.o
/usr/bin/cc     -o CMakeFiles/cmTC_f697b.dir/CheckIncludeFiles.c.o   -c /home/srq/Installations/tesseract/cmake-build-debug/CMakeFiles/CMakeTmp/CheckIncludeFiles.c
Linking C executable cmTC_f697b
/home/srq/Installations/clion-2016.3.2/bin/cmake/bin/cmake -E cmake_link_script CMakeFiles/cmTC_f697b.dir/link.txt --verbose=1
/usr/bin/cc       CMakeFiles/cmTC_f697b.dir/CheckIncludeFiles.c.o  -o cmTC_f697b -rdynamic 
make[1]: Leaving directory '/home/srq/Installations/tesseract/cmake-build-debug/CMakeFiles/CMakeTmp'


Determining if files stdlib.h exist passed with the following output:
Change Dir: /home/srq/Installations/tesseract/cmake-build-debug/CMakeFiles/CMakeTmp

Run Build Command:"/usr/bin/make" "cmTC_1f9b9/fast"
/usr/bin/make -f CMakeFiles/cmTC_1f9b9.dir/build.make CMakeFiles/cmTC_1f9b9.dir/build
make[1]: Entering directory '/home/srq/Installations/tesseract/cmake-build-debug/CMakeFiles/CMakeTmp'
Building C object CMakeFiles/cmTC_1f9b9.dir/CheckIncludeFiles.c.o
/usr/bin/cc     -o CMakeFiles/cmTC_1f9b9.dir/CheckIncludeFiles.c.o   -c /home/srq/Installations/tesseract/cmake-build-debug/CMakeFiles/CMakeTmp/CheckIncludeFiles.c
Linking C executable cmTC_1f9b9
/home/srq/Installations/clion-2016.3.2/bin/cmake/bin/cmake -E cmake_link_script CMakeFiles/cmTC_1f9b9.dir/link.txt --verbose=1
/usr/bin/cc       CMakeFiles/cmTC_1f9b9.dir/CheckIncludeFiles.c.o  -o cmTC_1f9b9 -rdynamic 
make[1]: Leaving directory '/home/srq/Installations/tesseract/cmake-build-debug/CMakeFiles/CMakeTmp'


Determining if files strings.h exist passed with the following output:
Change Dir: /home/srq/Installations/tesseract/cmake-build-debug/CMakeFiles/CMakeTmp

Run Build Command:"/usr/bin/make" "cmTC_bb410/fast"
/usr/bin/make -f CMakeFiles/cmTC_bb410.dir/build.make CMakeFiles/cmTC_bb410.dir/build
make[1]: Entering directory '/home/srq/Installations/tesseract/cmake-build-debug/CMakeFiles/CMakeTmp'
Building C object CMakeFiles/cmTC_bb410.dir/CheckIncludeFiles.c.o
/usr/bin/cc     -o CMakeFiles/cmTC_bb410.dir/CheckIncludeFiles.c.o   -c /home/srq/Installations/tesseract/cmake-build-debug/CMakeFiles/CMakeTmp/CheckIncludeFiles.c
Linking C executable cmTC_bb410
/home/srq/Installations/clion-2016.3.2/bin/cmake/bin/cmake -E cmake_link_script CMakeFiles/cmTC_bb410.dir/link.txt --verbose=1
/usr/bin/cc       CMakeFiles/cmTC_bb410.dir/CheckIncludeFiles.c.o  -o cmTC_bb410 -rdynamic 
make[1]: Leaving directory '/home/srq/Installations/tesseract/cmake-build-debug/CMakeFiles/CMakeTmp'


Determining if files string.h exist passed with the following output:
Change Dir: /home/srq/Installations/tesseract/cmake-build-debug/CMakeFiles/CMakeTmp

Run Build Command:"/usr/bin/make" "cmTC_e2895/fast"
/usr/bin/make -f CMakeFiles/cmTC_e2895.dir/build.make CMakeFiles/cmTC_e2895.dir/build
make[1]: Entering directory '/home/srq/Installations/tesseract/cmake-build-debug/CMakeFiles/CMakeTmp'
Building C object CMakeFiles/cmTC_e2895.dir/CheckIncludeFiles.c.o
/usr/bin/cc     -o CMakeFiles/cmTC_e2895.dir/CheckIncludeFiles.c.o   -c /home/srq/Installations/tesseract/cmake-build-debug/CMakeFiles/CMakeTmp/CheckIncludeFiles.c
Linking C executable cmTC_e2895
/home/srq/Installations/clion-2016.3.2/bin/cmake/bin/cmake -E cmake_link_script CMakeFiles/cmTC_e2895.dir/link.txt --verbose=1
/usr/bin/cc       CMakeFiles/cmTC_e2895.dir/CheckIncludeFiles.c.o  -o cmTC_e2895 -rdynamic 
make[1]: Leaving directory '/home/srq/Installations/tesseract/cmake-build-debug/CMakeFiles/CMakeTmp'


Determining if files sys/ipc.h exist passed with the following output:
Change Dir: /home/srq/Installations/tesseract/cmake-build-debug/CMakeFiles/CMakeTmp

Run Build Command:"/usr/bin/make" "cmTC_781dd/fast"
/usr/bin/make -f CMakeFiles/cmTC_781dd.dir/build.make CMakeFiles/cmTC_781dd.dir/build
make[1]: Entering directory '/home/srq/Installations/tesseract/cmake-build-debug/CMakeFiles/CMakeTmp'
Building C object CMakeFiles/cmTC_781dd.dir/CheckIncludeFiles.c.o
/usr/bin/cc     -o CMakeFiles/cmTC_781dd.dir/CheckIncludeFiles.c.o   -c /home/srq/Installations/tesseract/cmake-build-debug/CMakeFiles/CMakeTmp/CheckIncludeFiles.c
Linking C executable cmTC_781dd
/home/srq/Installations/clion-2016.3.2/bin/cmake/bin/cmake -E cmake_link_script CMakeFiles/cmTC_781dd.dir/link.txt --verbose=1
/usr/bin/cc       CMakeFiles/cmTC_781dd.dir/CheckIncludeFiles.c.o  -o cmTC_781dd -rdynamic 
make[1]: Leaving directory '/home/srq/Installations/tesseract/cmake-build-debug/CMakeFiles/CMakeTmp'


Determining if files sys/shm.h exist passed with the following output:
Change Dir: /home/srq/Installations/tesseract/cmake-build-debug/CMakeFiles/CMakeTmp

Run Build Command:"/usr/bin/make" "cmTC_fd857/fast"
/usr/bin/make -f CMakeFiles/cmTC_fd857.dir/build.make CMakeFiles/cmTC_fd857.dir/build
make[1]: Entering directory '/home/srq/Installations/tesseract/cmake-build-debug/CMakeFiles/CMakeTmp'
Building C object CMakeFiles/cmTC_fd857.dir/CheckIncludeFiles.c.o
/usr/bin/cc     -o CMakeFiles/cmTC_fd857.dir/CheckIncludeFiles.c.o   -c /home/srq/Installations/tesseract/cmake-build-debug/CMakeFiles/CMakeTmp/CheckIncludeFiles.c
Linking C executable cmTC_fd857
/home/srq/Installations/clion-2016.3.2/bin/cmake/bin/cmake -E cmake_link_script CMakeFiles/cmTC_fd857.dir/link.txt --verbose=1
/usr/bin/cc       CMakeFiles/cmTC_fd857.dir/CheckIncludeFiles.c.o  -o cmTC_fd857 -rdynamic 
make[1]: Leaving directory '/home/srq/Installations/tesseract/cmake-build-debug/CMakeFiles/CMakeTmp'


Determining if files sys/stat.h exist passed with the following output:
Change Dir: /home/srq/Installations/tesseract/cmake-build-debug/CMakeFiles/CMakeTmp

Run Build Command:"/usr/bin/make" "cmTC_6b5a4/fast"
/usr/bin/make -f CMakeFiles/cmTC_6b5a4.dir/build.make CMakeFiles/cmTC_6b5a4.dir/build
make[1]: Entering directory '/home/srq/Installations/tesseract/cmake-build-debug/CMakeFiles/CMakeTmp'
Building C object CMakeFiles/cmTC_6b5a4.dir/CheckIncludeFiles.c.o
/usr/bin/cc     -o CMakeFiles/cmTC_6b5a4.dir/CheckIncludeFiles.c.o   -c /home/srq/Installations/tesseract/cmake-build-debug/CMakeFiles/CMakeTmp/CheckIncludeFiles.c
Linking C executable cmTC_6b5a4
/home/srq/Installations/clion-2016.3.2/bin/cmake/bin/cmake -E cmake_link_script CMakeFiles/cmTC_6b5a4.dir/link.txt --verbose=1
/usr/bin/cc       CMakeFiles/cmTC_6b5a4.dir/CheckIncludeFiles.c.o  -o cmTC_6b5a4 -rdynamic 
make[1]: Leaving directory '/home/srq/Installations/tesseract/cmake-build-debug/CMakeFiles/CMakeTmp'


Determining if files sys/types.h exist passed with the following output:
Change Dir: /home/srq/Installations/tesseract/cmake-build-debug/CMakeFiles/CMakeTmp

Run Build Command:"/usr/bin/make" "cmTC_e312a/fast"
/usr/bin/make -f CMakeFiles/cmTC_e312a.dir/build.make CMakeFiles/cmTC_e312a.dir/build
make[1]: Entering directory '/home/srq/Installations/tesseract/cmake-build-debug/CMakeFiles/CMakeTmp'
Building C object CMakeFiles/cmTC_e312a.dir/CheckIncludeFiles.c.o
/usr/bin/cc     -o CMakeFiles/cmTC_e312a.dir/CheckIncludeFiles.c.o   -c /home/srq/Installations/tesseract/cmake-build-debug/CMakeFiles/CMakeTmp/CheckIncludeFiles.c
Linking C executable cmTC_e312a
/home/srq/Installations/clion-2016.3.2/bin/cmake/bin/cmake -E cmake_link_script CMakeFiles/cmTC_e312a.dir/link.txt --verbose=1
/usr/bin/cc       CMakeFiles/cmTC_e312a.dir/CheckIncludeFiles.c.o  -o cmTC_e312a -rdynamic 
make[1]: Leaving directory '/home/srq/Installations/tesseract/cmake-build-debug/CMakeFiles/CMakeTmp'


Determining if files sys/wait.h exist passed with the following output:
Change Dir: /home/srq/Installations/tesseract/cmake-build-debug/CMakeFiles/CMakeTmp

Run Build Command:"/usr/bin/make" "cmTC_43302/fast"
/usr/bin/make -f CMakeFiles/cmTC_43302.dir/build.make CMakeFiles/cmTC_43302.dir/build
make[1]: Entering directory '/home/srq/Installations/tesseract/cmake-build-debug/CMakeFiles/CMakeTmp'
Building C object CMakeFiles/cmTC_43302.dir/CheckIncludeFiles.c.o
/usr/bin/cc     -o CMakeFiles/cmTC_43302.dir/CheckIncludeFiles.c.o   -c /home/srq/Installations/tesseract/cmake-build-debug/CMakeFiles/CMakeTmp/CheckIncludeFiles.c
Linking C executable cmTC_43302
/home/srq/Installations/clion-2016.3.2/bin/cmake/bin/cmake -E cmake_link_script CMakeFiles/cmTC_43302.dir/link.txt --verbose=1
/usr/bin/cc       CMakeFiles/cmTC_43302.dir/CheckIncludeFiles.c.o  -o cmTC_43302 -rdynamic 
make[1]: Leaving directory '/home/srq/Installations/tesseract/cmake-build-debug/CMakeFiles/CMakeTmp'


Determining if files unistd.h exist passed with the following output:
Change Dir: /home/srq/Installations/tesseract/cmake-build-debug/CMakeFiles/CMakeTmp

Run Build Command:"/usr/bin/make" "cmTC_a9b02/fast"
/usr/bin/make -f CMakeFiles/cmTC_a9b02.dir/build.make CMakeFiles/cmTC_a9b02.dir/build
make[1]: Entering directory '/home/srq/Installations/tesseract/cmake-build-debug/CMakeFiles/CMakeTmp'
Building C object CMakeFiles/cmTC_a9b02.dir/CheckIncludeFiles.c.o
/usr/bin/cc     -o CMakeFiles/cmTC_a9b02.dir/CheckIncludeFiles.c.o   -c /home/srq/Installations/tesseract/cmake-build-debug/CMakeFiles/CMakeTmp/CheckIncludeFiles.c
Linking C executable cmTC_a9b02
/home/srq/Installations/clion-2016.3.2/bin/cmake/bin/cmake -E cmake_link_script CMakeFiles/cmTC_a9b02.dir/link.txt --verbose=1
/usr/bin/cc       CMakeFiles/cmTC_a9b02.dir/CheckIncludeFiles.c.o  -o cmTC_a9b02 -rdynamic 
make[1]: Leaving directory '/home/srq/Installations/tesseract/cmake-build-debug/CMakeFiles/CMakeTmp'


Determining if files cairo/cairo-version.h exist passed with the following output:
Change Dir: /home/srq/Installations/tesseract/cmake-build-debug/CMakeFiles/CMakeTmp

Run Build Command:"/usr/bin/make" "cmTC_80912/fast"
/usr/bin/make -f CMakeFiles/cmTC_80912.dir/build.make CMakeFiles/cmTC_80912.dir/build
make[1]: Entering directory '/home/srq/Installations/tesseract/cmake-build-debug/CMakeFiles/CMakeTmp'
Building C object CMakeFiles/cmTC_80912.dir/CheckIncludeFiles.c.o
/usr/bin/cc     -o CMakeFiles/cmTC_80912.dir/CheckIncludeFiles.c.o   -c /home/srq/Installations/tesseract/cmake-build-debug/CMakeFiles/CMakeTmp/CheckIncludeFiles.c
Linking C executable cmTC_80912
/home/srq/Installations/clion-2016.3.2/bin/cmake/bin/cmake -E cmake_link_script CMakeFiles/cmTC_80912.dir/link.txt --verbose=1
/usr/bin/cc       CMakeFiles/cmTC_80912.dir/CheckIncludeFiles.c.o  -o cmTC_80912 -rdynamic 
make[1]: Leaving directory '/home/srq/Installations/tesseract/cmake-build-debug/CMakeFiles/CMakeTmp'


Determining if files pango-1.0/pango/pango-features.h exist passed with the following output:
Change Dir: /home/srq/Installations/tesseract/cmake-build-debug/CMakeFiles/CMakeTmp

Run Build Command:"/usr/bin/make" "cmTC_ab6bf/fast"
/usr/bin/make -f CMakeFiles/cmTC_ab6bf.dir/build.make CMakeFiles/cmTC_ab6bf.dir/build
make[1]: Entering directory '/home/srq/Installations/tesseract/cmake-build-debug/CMakeFiles/CMakeTmp'
Building C object CMakeFiles/cmTC_ab6bf.dir/CheckIncludeFiles.c.o
/usr/bin/cc     -o CMakeFiles/cmTC_ab6bf.dir/CheckIncludeFiles.c.o   -c /home/srq/Installations/tesseract/cmake-build-debug/CMakeFiles/CMakeTmp/CheckIncludeFiles.c
Linking C executable cmTC_ab6bf
/home/srq/Installations/clion-2016.3.2/bin/cmake/bin/cmake -E cmake_link_script CMakeFiles/cmTC_ab6bf.dir/link.txt --verbose=1
/usr/bin/cc       CMakeFiles/cmTC_ab6bf.dir/CheckIncludeFiles.c.o  -o cmTC_ab6bf -rdynamic 
make[1]: Leaving directory '/home/srq/Installations/tesseract/cmake-build-debug/CMakeFiles/CMakeTmp'


Determining if files tiffio.h exist passed with the following output:
Change Dir: /home/srq/Installations/tesseract/cmake-build-debug/CMakeFiles/CMakeTmp

Run Build Command:"/usr/bin/make" "cmTC_5f5ad/fast"
/usr/bin/make -f CMakeFiles/cmTC_5f5ad.dir/build.make CMakeFiles/cmTC_5f5ad.dir/build
make[1]: Entering directory '/home/srq/Installations/tesseract/cmake-build-debug/CMakeFiles/CMakeTmp'
Building C object CMakeFiles/cmTC_5f5ad.dir/CheckIncludeFiles.c.o
/usr/bin/cc     -o CMakeFiles/cmTC_5f5ad.dir/CheckIncludeFiles.c.o   -c /home/srq/Installations/tesseract/cmake-build-debug/CMakeFiles/CMakeTmp/CheckIncludeFiles.c
Linking C executable cmTC_5f5ad
/home/srq/Installations/clion-2016.3.2/bin/cmake/bin/cmake -E cmake_link_script CMakeFiles/cmTC_5f5ad.dir/link.txt --verbose=1
/usr/bin/cc       CMakeFiles/cmTC_5f5ad.dir/CheckIncludeFiles.c.o  -o cmTC_5f5ad -rdynamic 
make[1]: Leaving directory '/home/srq/Installations/tesseract/cmake-build-debug/CMakeFiles/CMakeTmp'


Determining if files unicode/uchar.h exist passed with the following output:
Change Dir: /home/srq/Installations/tesseract/cmake-build-debug/CMakeFiles/CMakeTmp

Run Build Command:"/usr/bin/make" "cmTC_5764a/fast"
/usr/bin/make -f CMakeFiles/cmTC_5764a.dir/build.make CMakeFiles/cmTC_5764a.dir/build
make[1]: Entering directory '/home/srq/Installations/tesseract/cmake-build-debug/CMakeFiles/CMakeTmp'
Building C object CMakeFiles/cmTC_5764a.dir/CheckIncludeFiles.c.o
/usr/bin/cc     -o CMakeFiles/cmTC_5764a.dir/CheckIncludeFiles.c.o   -c /home/srq/Installations/tesseract/cmake-build-debug/CMakeFiles/CMakeTmp/CheckIncludeFiles.c
Linking C executable cmTC_5764a
/home/srq/Installations/clion-2016.3.2/bin/cmake/bin/cmake -E cmake_link_script CMakeFiles/cmTC_5764a.dir/link.txt --verbose=1
/usr/bin/cc       CMakeFiles/cmTC_5764a.dir/CheckIncludeFiles.c.o  -o cmTC_5764a -rdynamic 
make[1]: Leaving directory '/home/srq/Installations/tesseract/cmake-build-debug/CMakeFiles/CMakeTmp'


Determining if the function getline exists passed with the following output:
Change Dir: /home/srq/Installations/tesseract/cmake-build-debug/CMakeFiles/CMakeTmp

Run Build Command:"/usr/bin/make" "cmTC_fb035/fast"
/usr/bin/make -f CMakeFiles/cmTC_fb035.dir/build.make CMakeFiles/cmTC_fb035.dir/build
make[1]: Entering directory '/home/srq/Installations/tesseract/cmake-build-debug/CMakeFiles/CMakeTmp'
Building C object CMakeFiles/cmTC_fb035.dir/CheckFunctionExists.c.o
/usr/bin/cc    -DCHECK_FUNCTION_EXISTS=getline   -o CMakeFiles/cmTC_fb035.dir/CheckFunctionExists.c.o   -c /home/srq/Installations/clion-2016.3.2/bin/cmake/share/cmake-3.7/Modules/CheckFunctionExists.c
Linking C executable cmTC_fb035
/home/srq/Installations/clion-2016.3.2/bin/cmake/bin/cmake -E cmake_link_script CMakeFiles/cmTC_fb035.dir/link.txt --verbose=1
/usr/bin/cc   -DCHECK_FUNCTION_EXISTS=getline    CMakeFiles/cmTC_fb035.dir/CheckFunctionExists.c.o  -o cmTC_fb035 -rdynamic 
make[1]: Leaving directory '/home/srq/Installations/tesseract/cmake-build-debug/CMakeFiles/CMakeTmp'


Determining if the function snprintf exists passed with the following output:
Change Dir: /home/srq/Installations/tesseract/cmake-build-debug/CMakeFiles/CMakeTmp

Run Build Command:"/usr/bin/make" "cmTC_acaa0/fast"
/usr/bin/make -f CMakeFiles/cmTC_acaa0.dir/build.make CMakeFiles/cmTC_acaa0.dir/build
make[1]: Entering directory '/home/srq/Installations/tesseract/cmake-build-debug/CMakeFiles/CMakeTmp'
Building C object CMakeFiles/cmTC_acaa0.dir/CheckFunctionExists.c.o
/usr/bin/cc    -DCHECK_FUNCTION_EXISTS=snprintf   -o CMakeFiles/cmTC_acaa0.dir/CheckFunctionExists.c.o   -c /home/srq/Installations/clion-2016.3.2/bin/cmake/share/cmake-3.7/Modules/CheckFunctionExists.c
<command-line>:0:23: warning: conflicting types for built-in function snprintf
/home/srq/Installations/clion-2016.3.2/bin/cmake/share/cmake-3.7/Modules/CheckFunctionExists.c:7:3: note: in expansion of macro CHECK_FUNCTION_EXISTS
   CHECK_FUNCTION_EXISTS();
   ^
Linking C executable cmTC_acaa0
/home/srq/Installations/clion-2016.3.2/bin/cmake/bin/cmake -E cmake_link_script CMakeFiles/cmTC_acaa0.dir/link.txt --verbose=1
/usr/bin/cc   -DCHECK_FUNCTION_EXISTS=snprintf    CMakeFiles/cmTC_acaa0.dir/CheckFunctionExists.c.o  -o cmTC_acaa0 -rdynamic 
make[1]: Leaving directory '/home/srq/Installations/tesseract/cmake-build-debug/CMakeFiles/CMakeTmp'


Determining if the include file stddef.h exists passed with the following output:
Change Dir: /home/srq/Installations/tesseract/cmake-build-debug/CMakeFiles/CMakeTmp

Run Build Command:"/usr/bin/make" "cmTC_84f81/fast"
/usr/bin/make -f CMakeFiles/cmTC_84f81.dir/build.make CMakeFiles/cmTC_84f81.dir/build
make[1]: Entering directory '/home/srq/Installations/tesseract/cmake-build-debug/CMakeFiles/CMakeTmp'
Building C object CMakeFiles/cmTC_84f81.dir/CheckIncludeFile.c.o
/usr/bin/cc     -o CMakeFiles/cmTC_84f81.dir/CheckIncludeFile.c.o   -c /home/srq/Installations/tesseract/cmake-build-debug/CMakeFiles/CMakeTmp/CheckIncludeFile.c
Linking C executable cmTC_84f81
/home/srq/Installations/clion-2016.3.2/bin/cmake/bin/cmake -E cmake_link_script CMakeFiles/cmTC_84f81.dir/link.txt --verbose=1
/usr/bin/cc       CMakeFiles/cmTC_84f81.dir/CheckIncludeFile.c.o  -o cmTC_84f81 -rdynamic 
make[1]: Leaving directory '/home/srq/Installations/tesseract/cmake-build-debug/CMakeFiles/CMakeTmp'


Determining size of long long int passed with the following output:
Change Dir: /home/srq/Installations/tesseract/cmake-build-debug/CMakeFiles/CMakeTmp

Run Build Command:"/usr/bin/make" "cmTC_7b426/fast"
/usr/bin/make -f CMakeFiles/cmTC_7b426.dir/build.make CMakeFiles/cmTC_7b426.dir/build
make[1]: Entering directory '/home/srq/Installations/tesseract/cmake-build-debug/CMakeFiles/CMakeTmp'
Building C object CMakeFiles/cmTC_7b426.dir/HAVE_LONG_LONG_INT.c.o
/usr/bin/cc     -o CMakeFiles/cmTC_7b426.dir/HAVE_LONG_LONG_INT.c.o   -c /home/srq/Installations/tesseract/cmake-build-debug/CMakeFiles/CheckTypeSize/HAVE_LONG_LONG_INT.c
Linking C executable cmTC_7b426
/home/srq/Installations/clion-2016.3.2/bin/cmake/bin/cmake -E cmake_link_script CMakeFiles/cmTC_7b426.dir/link.txt --verbose=1
/usr/bin/cc       CMakeFiles/cmTC_7b426.dir/HAVE_LONG_LONG_INT.c.o  -o cmTC_7b426 -rdynamic 
make[1]: Leaving directory '/home/srq/Installations/tesseract/cmake-build-debug/CMakeFiles/CMakeTmp'


Determining size of off_t passed with the following output:
Change Dir: /home/srq/Installations/tesseract/cmake-build-debug/CMakeFiles/CMakeTmp

Run Build Command:"/usr/bin/make" "cmTC_66022/fast"
/usr/bin/make -f CMakeFiles/cmTC_66022.dir/build.make CMakeFiles/cmTC_66022.dir/build
make[1]: Entering directory '/home/srq/Installations/tesseract/cmake-build-debug/CMakeFiles/CMakeTmp'
Building C object CMakeFiles/cmTC_66022.dir/HAVE_OFF_T.c.o
/usr/bin/cc     -o CMakeFiles/cmTC_66022.dir/HAVE_OFF_T.c.o   -c /home/srq/Installations/tesseract/cmake-build-debug/CMakeFiles/CheckTypeSize/HAVE_OFF_T.c
Linking C executable cmTC_66022
/home/srq/Installations/clion-2016.3.2/bin/cmake/bin/cmake -E cmake_link_script CMakeFiles/cmTC_66022.dir/link.txt --verbose=1
/usr/bin/cc       CMakeFiles/cmTC_66022.dir/HAVE_OFF_T.c.o  -o cmTC_66022 -rdynamic 
make[1]: Leaving directory '/home/srq/Installations/tesseract/cmake-build-debug/CMakeFiles/CMakeTmp'


Determining size of wchar_t passed with the following output:
Change Dir: /home/srq/Installations/tesseract/cmake-build-debug/CMakeFiles/CMakeTmp

Run Build Command:"/usr/bin/make" "cmTC_b5b33/fast"
/usr/bin/make -f CMakeFiles/cmTC_b5b33.dir/build.make CMakeFiles/cmTC_b5b33.dir/build
make[1]: Entering directory '/home/srq/Installations/tesseract/cmake-build-debug/CMakeFiles/CMakeTmp'
Building C object CMakeFiles/cmTC_b5b33.dir/HAVE_WCHAR_T.c.o
/usr/bin/cc     -o CMakeFiles/cmTC_b5b33.dir/HAVE_WCHAR_T.c.o   -c /home/srq/Installations/tesseract/cmake-build-debug/CMakeFiles/CheckTypeSize/HAVE_WCHAR_T.c
Linking C executable cmTC_b5b33
/home/srq/Installations/clion-2016.3.2/bin/cmake/bin/cmake -E cmake_link_script CMakeFiles/cmTC_b5b33.dir/link.txt --verbose=1
/usr/bin/cc       CMakeFiles/cmTC_b5b33.dir/HAVE_WCHAR_T.c.o  -o cmTC_b5b33 -rdynamic 
make[1]: Leaving directory '/home/srq/Installations/tesseract/cmake-build-debug/CMakeFiles/CMakeTmp'


Determining size of _Bool passed with the following output:
Change Dir: /home/srq/Installations/tesseract/cmake-build-debug/CMakeFiles/CMakeTmp

Run Build Command:"/usr/bin/make" "cmTC_6dc21/fast"
/usr/bin/make -f CMakeFiles/cmTC_6dc21.dir/build.make CMakeFiles/cmTC_6dc21.dir/build
make[1]: Entering directory '/home/srq/Installations/tesseract/cmake-build-debug/CMakeFiles/CMakeTmp'
Building C object CMakeFiles/cmTC_6dc21.dir/HAVE__BOOL.c.o
/usr/bin/cc     -o CMakeFiles/cmTC_6dc21.dir/HAVE__BOOL.c.o   -c /home/srq/Installations/tesseract/cmake-build-debug/CMakeFiles/CheckTypeSize/HAVE__BOOL.c
Linking C executable cmTC_6dc21
/home/srq/Installations/clion-2016.3.2/bin/cmake/bin/cmake -E cmake_link_script CMakeFiles/cmTC_6dc21.dir/link.txt --verbose=1
/usr/bin/cc       CMakeFiles/cmTC_6dc21.dir/HAVE__BOOL.c.o  -o cmTC_6dc21 -rdynamic 
make[1]: Leaving directory '/home/srq/Installations/tesseract/cmake-build-debug/CMakeFiles/CMakeTmp'


Determining size of unsigned short passed with the following output:
Change Dir: /home/srq/Installations/tesseract/cmake-build-debug/CMakeFiles/CMakeTmp

Run Build Command:"/usr/bin/make" "cmTC_3e687/fast"
/usr/bin/make -f CMakeFiles/cmTC_3e687.dir/build.make CMakeFiles/cmTC_3e687.dir/build
make[1]: Entering directory '/home/srq/Installations/tesseract/cmake-build-debug/CMakeFiles/CMakeTmp'
Building C object CMakeFiles/cmTC_3e687.dir/CMAKE_SIZEOF_UNSIGNED_SHORT.c.o
/usr/bin/cc     -o CMakeFiles/cmTC_3e687.dir/CMAKE_SIZEOF_UNSIGNED_SHORT.c.o   -c /home/srq/Installations/tesseract/cmake-build-debug/CMakeFiles/CheckTypeSize/CMAKE_SIZEOF_UNSIGNED_SHORT.c
Linking C executable cmTC_3e687
/home/srq/Installations/clion-2016.3.2/bin/cmake/bin/cmake -E cmake_link_script CMakeFiles/cmTC_3e687.dir/link.txt --verbose=1
/usr/bin/cc       CMakeFiles/cmTC_3e687.dir/CMAKE_SIZEOF_UNSIGNED_SHORT.c.o  -o cmTC_3e687 -rdynamic 
make[1]: Leaving directory '/home/srq/Installations/tesseract/cmake-build-debug/CMakeFiles/CMakeTmp'


Determining if the system is big endian passed with the following output:
Change Dir: /home/srq/Installations/tesseract/cmake-build-debug/CMakeFiles/CMakeTmp

Run Build Command:"/usr/bin/make" "cmTC_7bebe/fast"
/usr/bin/make -f CMakeFiles/cmTC_7bebe.dir/build.make CMakeFiles/cmTC_7bebe.dir/build
make[1]: Entering directory '/home/srq/Installations/tesseract/cmake-build-debug/CMakeFiles/CMakeTmp'
Building C object CMakeFiles/cmTC_7bebe.dir/TestEndianess.c.o
/usr/bin/cc     -o CMakeFiles/cmTC_7bebe.dir/TestEndianess.c.o   -c /home/srq/Installations/tesseract/cmake-build-debug/CMakeFiles/CMakeTmp/TestEndianess.c
Linking C executable cmTC_7bebe
/home/srq/Installations/clion-2016.3.2/bin/cmake/bin/cmake -E cmake_link_script CMakeFiles/cmTC_7bebe.dir/link.txt --verbose=1
/usr/bin/cc       CMakeFiles/cmTC_7bebe.dir/TestEndianess.c.o  -o cmTC_7bebe -rdynamic 
make[1]: Leaving directory '/home/srq/Installations/tesseract/cmake-build-debug/CMakeFiles/CMakeTmp'

TestEndianess.c:
/* A 16 bit integer is required. */
typedef unsigned short cmakeint16;

/* On a little endian machine, these 16bit ints will give "THIS IS LITTLE ENDIAN."
   On a big endian machine the characters will be exchanged pairwise. */
const cmakeint16 info_little[] =  {0x4854, 0x5349, 0x4920, 0x2053, 0x494c, 0x5454, 0x454c, 0x4520, 0x444e, 0x4149, 0x2e4e, 0x0000};

/* on a big endian machine, these 16bit ints will give "THIS IS BIG ENDIAN."
   On a little endian machine the characters will be exchanged pairwise. */
const cmakeint16 info_big[] =     {0x5448, 0x4953, 0x2049, 0x5320, 0x4249, 0x4720, 0x454e, 0x4449, 0x414e, 0x2e2e, 0x0000};

#ifdef __CLASSIC_C__
int main(argc, argv) int argc; char *argv[];
#else
int main(int argc, char *argv[])
#endif
{
  int require = 0;
  require += info_little[argc];
  require += info_big[argc];
  (void)argv;
  return require;
}


